
> nse-screener@0.1.0 dev
> next dev --webpack

▲ Next.js 16.2.6 (webpack)
- Local:         http://localhost:3000
- Network:       http://192.168.1.176:3000
- Environments: .env.local
✓ Ready in 1148ms

○ Compiling /api/auth/[...nextauth] ...
 GET /api/auth/providers 200 in 29.8s (next.js: 29.8s, application-code: 30ms)
 GET / 200 in 31.7s (next.js: 28.5s, application-code: 3.1s)
 GET /api/auth/session 200 in 79ms (next.js: 55ms, application-code: 24ms)
 GET /api/auth/session 200 in 22ms (next.js: 4ms, application-code: 17ms)
 GET /api/auth/csrf 200 in 69ms (next.js: 38ms, application-code: 32ms)
 POST /api/auth/callback/demo 302 in 21ms (next.js: 4ms, application-code: 18ms)
 GET /api/auth/session 200 in 18ms (next.js: 3ms, application-code: 15ms)
 GET /api/auth/csrf 200 in 9ms (next.js: 3ms, application-code: 7ms)
[31m[auth][error][0m CredentialsSignin: Read more at https://errors.authjs.dev#credentialssignin
    at Module.callback (webpack-internal:///(rsc)/./node_modules/@auth/core/lib/actions/callback/index.js:246:23)
    at async AuthInternal (webpack-internal:///(rsc)/./node_modules/@auth/core/lib/index.js:70:24)
    at async Auth (webpack-internal:///(rsc)/./node_modules/@auth/core/index.js:130:34)
    at async AppRouteRouteModule.do (C:\Users\bijoy\Documents\GitHub\mobius-screen\mobius-screen\node_modules\next\dist\compiled\next-server\app-route.runtime.dev.js:5:40115)
    at async AppRouteRouteModule.handle (C:\Users\bijoy\Documents\GitHub\mobius-screen\mobius-screen\node_modules\next\dist\compiled\next-server\app-route.runtime.dev.js:5:47395)
    at async responseGenerator (webpack-internal:///(rsc)/./node_modules/next/dist/build/webpack/loaders/next-app-loader/index.js?name=app%2Fapi%2Fauth%2F%5B...nextauth%5D%2Froute&page=%2Fapi%2Fauth%2F%5B...nextauth%5D%2Froute&appPaths=&allNormalizedAppPaths=&pagePath=private-next-app-dir%2Fapi%2Fauth%2F%5B...nextauth%5D%2Froute.ts&appDir=C%3A%5CUsers%5Cbijoy%5CDocuments%5CGitHub%5Cmobius-screen%5Cmobius-screen%5Csrc%5Capp&pageExtensions=tsx&pageExtensions=ts&pageExtensions=jsx&pageExtensions=js&rootDir=C%3A%5CUsers%5Cbijoy%5CDocuments%5CGitHub%5Cmobius-screen%5Cmobius-screen&isDev=true&tsconfigPath=&basePath=&assetPrefix=&nextConfigOutput=standalone&preferredRegion=&middlewareConfig=e30%3D&isGlobalNotFoundEnabled=!:251:38)
    at async AppRouteRouteModule.handleResponse (C:\Users\bijoy\Documents\GitHub\mobius-screen\mobius-screen\node_modules\next\dist\compiled\next-server\app-route.runtime.dev.js:1:228477)
    at async handleResponse (webpack-internal:///(rsc)/./node_modules/next/dist/build/webpack/loaders/next-app-loader/index.js?name=app%2Fapi%2Fauth%2F%5B...nextauth%5D%2Froute&page=%2Fapi%2Fauth%2F%5B...nextauth%5D%2Froute&appPaths=&allNormalizedAppPaths=&pagePath=private-next-app-dir%2Fapi%2Fauth%2F%5B...nextauth%5D%2Froute.ts&appDir=C%3A%5CUsers%5Cbijoy%5CDocuments%5CGitHub%5Cmobius-screen%5Cmobius-screen%5Csrc%5Capp&pageExtensions=tsx&pageExtensions=ts&pageExtensions=jsx&pageExtensions=js&rootDir=C%3A%5CUsers%5Cbijoy%5CDocuments%5CGitHub%5Cmobius-screen%5Cmobius-screen&isDev=true&tsconfigPath=&basePath=&assetPrefix=&nextConfigOutput=standalone&preferredRegion=&middlewareConfig=e30%3D&isGlobalNotFoundEnabled=!:314:32)
    at async Module.handler (webpack-internal:///(rsc)/./node_modules/next/dist/build/webpack/loaders/next-app-loader/index.js?name=app%2Fapi%2Fauth%2F%5B...nextauth%5D%2Froute&page=%2Fapi%2Fauth%2F%5B...nextauth%5D%2Froute&appPaths=&allNormalizedAppPaths=&pagePath=private-next-app-dir%2Fapi%2Fauth%2F%5B...nextauth%5D%2Froute.ts&appDir=C%3A%5CUsers%5Cbijoy%5CDocuments%5CGitHub%5Cmobius-screen%5Cmobius-screen%5Csrc%5Capp&pageExtensions=tsx&pageExtensions=ts&pageExtensions=jsx&pageExtensions=js&rootDir=C%3A%5CUsers%5Cbijoy%5CDocuments%5CGitHub%5Cmobius-screen%5Cmobius-screen&isDev=true&tsconfigPath=&basePath=&assetPrefix=&nextConfigOutput=standalone&preferredRegion=&middlewareConfig=e30%3D&isGlobalNotFoundEnabled=!:369:13)
    at async DevServer.renderToResponseWithComponentsImpl (C:\Users\bijoy\Documents\GitHub\mobius-screen\mobius-screen\node_modules\next\dist\server\base-server.js:1462:9)
    at async DevServer.renderPageComponent (C:\Users\bijoy\Documents\GitHub\mobius-screen\mobius-screen\node_modules\next\dist\server\base-server.js:1514:24)
    at async DevServer.renderToResponseImpl (C:\Users\bijoy\Documents\GitHub\mobius-screen\mobius-screen\node_modules\next\dist\server\base-server.js:1564:32)
    at async DevServer.pipeImpl (C:\Users\bijoy\Documents\GitHub\mobius-screen\mobius-screen\node_modules\next\dist\server\base-server.js:1044:25)
    at async NextNodeServer.handleCatchallRenderRequest (C:\Users\bijoy\Documents\GitHub\mobius-screen\mobius-screen\node_modules\next\dist\server\next-server.js:338:17)
    at async DevServer.handleRequestImpl (C:\Users\bijoy\Documents\GitHub\mobius-screen\mobius-screen\node_modules\next\dist\server\base-server.js:935:17)
    at async C:\Users\bijoy\Documents\GitHub\mobius-screen\mobius-screen\node_modules\next\dist\server\dev\next-dev-server.js:394:20
    at async Span.traceAsyncFn (C:\Users\bijoy\Documents\GitHub\mobius-screen\mobius-screen\node_modules\next\dist\trace\trace.js:164:20)
    at async DevServer.handleRequest (C:\Users\bijoy\Documents\GitHub\mobius-screen\mobius-screen\node_modules\next\dist\server\dev\next-dev-server.js:390:24)
    at async invokeRender (C:\Users\bijoy\Documents\GitHub\mobius-screen\mobius-screen\node_modules\next\dist\server\lib\router-server.js:266:21)
    at async handleRequest (C:\Users\bijoy\Documents\GitHub\mobius-screen\mobius-screen\node_modules\next\dist\server\lib\router-server.js:465:24)
    at async requestHandlerImpl (C:\Users\bijoy\Documents\GitHub\mobius-screen\mobius-screen\node_modules\next\dist\server\lib\router-server.js:514:13)
    at async Server.requestListener (C:\Users\bijoy\Documents\GitHub\mobius-screen\mobius-screen\node_modules\next\dist\server\lib\start-server.js:225:13)
 POST /api/auth/callback/demo 302 in 16ms (next.js: 4ms, application-code: 12ms)
 GET /api/auth/session 200 in 12ms (next.js: 4ms, application-code: 8ms)
